# JRE version: Java(TM) SE Runtime Environment (8.0_121-b13) (build 1.8.0_121-b13)
# Java VM: Java HotSpot(TM) 64-Bit Server VM (25.121-b13 mixed mode windows-amd64 compressed oops)
Heap:
 PSYoungGen      total 71680K, used 23728K [0x00000000d5d80000, 0x00000000dbd00000, 0x0000000100000000)
  eden space 66560K, 27% used [0x00000000d5d80000,0x00000000d6fad568,0x00000000d9e80000)
  from space 5120K, 99% used [0x00000000d9e80000,0x00000000da37ede8,0x00000000da380000)
  to   space 9216K, 0% used [0x00000000db400000,0x00000000db400000,0x00000000dbd00000)
 ParOldGen       total 62976K, used 17389K [0x0000000081800000, 0x0000000085580000, 0x00000000d5d80000)
  object space 62976K, 27% used [0x0000000081800000,0x00000000828fb580,0x0000000085580000)
 Metaspace       used 41558K, capacity 42884K, committed 43264K, reserved 1087488K
  class space    used 5525K, capacity 5808K, committed 5888K, reserved 1048576K
GC Heap History (10 events):
Event: 7.419 GC heap before
{Heap before GC invocations=7 (full 1):
 PSYoungGen      total 71680K, used 71666K [0x00000000d5d80000, 0x00000000da880000, 0x0000000100000000)
  eden space 66560K, 100% used [0x00000000d5d80000,0x00000000d9e80000,0x00000000d9e80000)
  from space 5120K, 99% used [0x00000000d9e80000,0x00000000da37c8a8,0x00000000da380000)
  to   space 5120K, 0% used [0x00000000da380000,0x00000000da380000,0x00000000da880000)
 ParOldGen       total 62976K, used 8256K [0x0000000081800000, 0x0000000085580000, 0x00000000d5d80000)
  object space 62976K, 13% used [0x0000000081800000,0x00000000820102e8,0x0000000085580000)
 Metaspace       used 28351K, capacity 29252K, committed 29568K, reserved 1075200K
  class space    used 3652K, capacity 3870K, committed 3968K, reserved 1048576K
Event: 7.432 GC heap after
Heap after GC invocations=7 (full 1):
 PSYoungGen      total 71680K, used 5104K [0x00000000d5d80000, 0x00000000da880000, 0x0000000100000000)
  eden space 66560K, 0% used [0x00000000d5d80000,0x00000000d5d80000,0x00000000d9e80000)
  from space 5120K, 99% used [0x00000000da380000,0x00000000da87c0c8,0x00000000da880000)
  to   space 5120K, 0% used [0x00000000d9e80000,0x00000000d9e80000,0x00000000da380000)
 ParOldGen       total 62976K, used 10343K [0x0000000081800000, 0x0000000085580000, 0x00000000d5d80000)
  object space 62976K, 16% used [0x0000000081800000,0x0000000082219c08,0x0000000085580000)
 Metaspace       used 28351K, capacity 29252K, committed 29568K, reserved 1075200K
  class space    used 3652K, capacity 3870K, committed 3968K, reserved 1048576K
}
Event: 9.171 GC heap before
{Heap before GC invocations=8 (full 1):
 PSYoungGen      total 71680K, used 71664K [0x00000000d5d80000, 0x00000000da880000, 0x0000000100000000)
  eden space 66560K, 100% used [0x00000000d5d80000,0x00000000d9e80000,0x00000000d9e80000)
  from space 5120K, 99% used [0x00000000da380000,0x00000000da87c0c8,0x00000000da880000)
  to   space 5120K, 0% used [0x00000000d9e80000,0x00000000d9e80000,0x00000000da380000)
 ParOldGen       total 62976K, used 10343K [0x0000000081800000, 0x0000000085580000, 0x00000000d5d80000)
  object space 62976K, 16% used [0x0000000081800000,0x0000000082219c08,0x0000000085580000)
 Metaspace       used 31733K, capacity 32888K, committed 33152K, reserved 1077248K
  class space    used 4101K, capacity 4366K, committed 4480K, reserved 1048576K
Event: 9.187 GC heap after
Heap after GC invocations=8 (full 1):
 PSYoungGen      total 71680K, used 5089K [0x00000000d5d80000, 0x00000000da880000, 0x0000000100000000)
  eden space 66560K, 0% used [0x00000000d5d80000,0x00000000d5d80000,0x00000000d9e80000)
  from space 5120K, 99% used [0x00000000d9e80000,0x00000000da3787c0,0x00000000da380000)
  to   space 5120K, 0% used [0x00000000da380000,0x00000000da380000,0x00000000da880000)
 ParOldGen       total 62976K, used 14451K [0x0000000081800000, 0x0000000085580000, 0x00000000d5d80000)
  object space 62976K, 22% used [0x0000000081800000,0x000000008261cef8,0x0000000085580000)
 Metaspace       used 31733K, capacity 32888K, committed 33152K, reserved 1077248K
  class space    used 4101K, capacity 4366K, committed 4480K, reserved 1048576K
}
Event: 10.077 GC heap before
{Heap before GC invocations=9 (full 1):
 PSYoungGen      total 71680K, used 35244K [0x00000000d5d80000, 0x00000000da880000, 0x0000000100000000)
  eden space 66560K, 45% used [0x00000000d5d80000,0x00000000d7af2ae0,0x00000000d9e80000)
  from space 5120K, 99% used [0x00000000d9e80000,0x00000000da3787c0,0x00000000da380000)
  to   space 5120K, 0% used [0x00000000da380000,0x00000000da380000,0x00000000da880000)
 ParOldGen       total 62976K, used 14451K [0x0000000081800000, 0x0000000085580000, 0x00000000d5d80000)
  object space 62976K, 22% used [0x0000000081800000,0x000000008261cef8,0x0000000085580000)
 Metaspace       used 34151K, capacity 35330K, committed 35416K, reserved 1081344K
  class space    used 4333K, capacity 4589K, committed 4608K, reserved 1048576K
Event: 10.088 GC heap after
Heap after GC invocations=9 (full 1):
 PSYoungGen      total 71680K, used 5104K [0x00000000d5d80000, 0x00000000da880000, 0x0000000100000000)
  eden space 66560K, 0% used [0x00000000d5d80000,0x00000000d5d80000,0x00000000d9e80000)
  from space 5120K, 99% used [0x00000000da380000,0x00000000da87c030,0x00000000da880000)
  to   space 5120K, 0% used [0x00000000d9e80000,0x00000000d9e80000,0x00000000da380000)
 ParOldGen       total 62976K, used 16935K [0x0000000081800000, 0x0000000085580000, 0x00000000d5d80000)
  object space 62976K, 26% used [0x0000000081800000,0x0000000082889f90,0x0000000085580000)
 Metaspace       used 34151K, capacity 35330K, committed 35416K, reserved 1081344K
  class space    used 4333K, capacity 4589K, committed 4608K, reserved 1048576K
}
Event: 10.088 GC heap before
{Heap before GC invocations=10 (full 2):
 PSYoungGen      total 71680K, used 5104K [0x00000000d5d80000, 0x00000000da880000, 0x0000000100000000)
  eden space 66560K, 0% used [0x00000000d5d80000,0x00000000d5d80000,0x00000000d9e80000)
  from space 5120K, 99% used [0x00000000da380000,0x00000000da87c030,0x00000000da880000)
  to   space 5120K, 0% used [0x00000000d9e80000,0x00000000d9e80000,0x00000000da380000)
 ParOldGen       total 62976K, used 16935K [0x0000000081800000, 0x0000000085580000, 0x00000000d5d80000)
  object space 62976K, 26% used [0x0000000081800000,0x0000000082889f90,0x0000000085580000)
 Metaspace       used 34151K, capacity 35330K, committed 35416K, reserved 1081344K
  class space    used 4333K, capacity 4589K, committed 4608K, reserved 1048576K
Event: 10.193 GC heap after
Heap after GC invocations=10 (full 2):
 PSYoungGen      total 71680K, used 0K [0x00000000d5d80000, 0x00000000da880000, 0x0000000100000000)
  eden space 66560K, 0% used [0x00000000d5d80000,0x00000000d5d80000,0x00000000d9e80000)
  from space 5120K, 0% used [0x00000000da380000,0x00000000da380000,0x00000000da880000)
  to   space 5120K, 0% used [0x00000000d9e80000,0x00000000d9e80000,0x00000000da380000)
 ParOldGen       total 62976K, used 16352K [0x0000000081800000, 0x0000000085580000, 0x00000000d5d80000)
  object space 62976K, 25% used [0x0000000081800000,0x00000000827f8108,0x0000000085580000)
 Metaspace       used 34151K, capacity 35330K, committed 35416K, reserved 1081344K
  class space    used 4333K, capacity 4589K, committed 4608K, reserved 1048576K
}
Event: 15.831 GC heap before
{Heap before GC invocations=11 (full 2):
 PSYoungGen      total 71680K, used 66560K [0x00000000d5d80000, 0x00000000da880000, 0x0000000100000000)
  eden space 66560K, 100% used [0x00000000d5d80000,0x00000000d9e80000,0x00000000d9e80000)
  from space 5120K, 0% used [0x00000000da380000,0x00000000da380000,0x00000000da880000)
  to   space 5120K, 0% used [0x00000000d9e80000,0x00000000d9e80000,0x00000000da380000)
 ParOldGen       total 62976K, used 16352K [0x0000000081800000, 0x0000000085580000, 0x00000000d5d80000)
  object space 62976K, 25% used [0x0000000081800000,0x00000000827f8108,0x0000000085580000)
 Metaspace       used 40125K, capacity 41404K, committed 41728K, reserved 1085440K
  class space    used 5324K, capacity 5614K, committed 5632K, reserved 1048576K
Event: 15.836 GC heap after
Heap after GC invocations=11 (full 2):
 PSYoungGen      total 71680K, used 5115K [0x00000000d5d80000, 0x00000000dbd00000, 0x0000000100000000)
  eden space 66560K, 0% used [0x00000000d5d80000,0x00000000d5d80000,0x00000000d9e80000)
  from space 5120K, 99% used [0x00000000d9e80000,0x00000000da37ede8,0x00000000da380000)
  to   space 9216K, 0% used [0x00000000db400000,0x00000000db400000,0x00000000dbd00000)
 ParOldGen       total 62976K, used 17389K [0x0000000081800000, 0x0000000085580000, 0x00000000d5d80000)
  object space 62976K, 27% used [0x0000000081800000,0x00000000828fb580,0x0000000085580000)
 Metaspace       used 40125K, capacity 41404K, committed 41728K, reserved 1085440K
  class space    used 5324K, capacity 5614K, committed 5632K, reserved 1048576K
}

