# JRE version: Java(TM) SE Runtime Environment (8.0_121-b13) (build 1.8.0_121-b13)
# Java VM: Java HotSpot(TM) 64-Bit Server VM (25.121-b13 mixed mode windows-amd64 compressed oops)
Heap:
 PSYoungGen      total 240128K, used 58608K [0x00000000d5d80000, 0x00000000e5780000, 0x0000000100000000)
  eden space 225280K, 19% used [0x00000000d5d80000,0x00000000d883e4d0,0x00000000e3980000)
  from space 14848K, 99% used [0x00000000e3a80000,0x00000000e48fdc88,0x00000000e4900000)
  to   space 9216K, 0% used [0x00000000e4e80000,0x00000000e4e80000,0x00000000e5780000)
 ParOldGen       total 137728K, used 28662K [0x0000000081800000, 0x0000000089e80000, 0x00000000d5d80000)
  object space 137728K, 20% used [0x0000000081800000,0x00000000833fd898,0x0000000089e80000)
 Metaspace       used 70851K, capacity 73600K, committed 73856K, reserved 1114112K
  class space    used 9551K, capacity 10050K, committed 10112K, reserved 1048576K
GC Heap History (10 events):
Event: 25.738 GC heap before
{Heap before GC invocations=12 (full 2):
 PSYoungGen      total 155136K, used 153444K [0x00000000d5d80000, 0x00000000e2c00000, 0x0000000100000000)
  eden space 142336K, 100% used [0x00000000d5d80000,0x00000000de880000,0x00000000de880000)
  from space 12800K, 86% used [0x00000000de880000,0x00000000df359230,0x00000000df500000)
  to   space 13312K, 0% used [0x00000000e1f00000,0x00000000e1f00000,0x00000000e2c00000)
 ParOldGen       total 98304K, used 16578K [0x0000000081800000, 0x0000000087800000, 0x00000000d5d80000)
  object space 98304K, 16% used [0x0000000081800000,0x0000000082830880,0x0000000087800000)
 Metaspace       used 52708K, capacity 54344K, committed 54784K, reserved 1097728K
  class space    used 7005K, capacity 7320K, committed 7424K, reserved 1048576K
Event: 25.759 GC heap after
Heap after GC invocations=12 (full 2):
 PSYoungGen      total 194048K, used 13305K [0x00000000d5d80000, 0x00000000e2e00000, 0x0000000100000000)
  eden space 180736K, 0% used [0x00000000d5d80000,0x00000000d5d80000,0x00000000e0e00000)
  from space 13312K, 99% used [0x00000000e1f00000,0x00000000e2bfe6d0,0x00000000e2c00000)
  to   space 16384K, 0% used [0x00000000e0e00000,0x00000000e0e00000,0x00000000e1e00000)
 ParOldGen       total 98304K, used 20522K [0x0000000081800000, 0x0000000087800000, 0x00000000d5d80000)
  object space 98304K, 20% used [0x0000000081800000,0x0000000082c0a918,0x0000000087800000)
 Metaspace       used 52708K, capacity 54344K, committed 54784K, reserved 1097728K
  class space    used 7005K, capacity 7320K, committed 7424K, reserved 1048576K
}
Event: 26.955 GC heap before
{Heap before GC invocations=13 (full 2):
 PSYoungGen      total 194048K, used 77477K [0x00000000d5d80000, 0x00000000e2e00000, 0x0000000100000000)
  eden space 180736K, 35% used [0x00000000d5d80000,0x00000000d9c2b058,0x00000000e0e00000)
  from space 13312K, 99% used [0x00000000e1f00000,0x00000000e2bfe6d0,0x00000000e2c00000)
  to   space 16384K, 0% used [0x00000000e0e00000,0x00000000e0e00000,0x00000000e1e00000)
 ParOldGen       total 98304K, used 20522K [0x0000000081800000, 0x0000000087800000, 0x00000000d5d80000)
  object space 98304K, 20% used [0x0000000081800000,0x0000000082c0a918,0x0000000087800000)
 Metaspace       used 57201K, capacity 58828K, committed 59028K, reserved 1099776K
  class space    used 7609K, capacity 7910K, committed 7936K, reserved 1048576K
Event: 26.976 GC heap after
Heap after GC invocations=13 (full 2):
 PSYoungGen      total 197120K, used 9066K [0x00000000d5d80000, 0x00000000e5e00000, 0x0000000100000000)
  eden space 180736K, 0% used [0x00000000d5d80000,0x00000000d5d80000,0x00000000e0e00000)
  from space 16384K, 55% used [0x00000000e0e00000,0x00000000e16da920,0x00000000e1e00000)
  to   space 15872K, 0% used [0x00000000e4e80000,0x00000000e4e80000,0x00000000e5e00000)
 ParOldGen       total 98304K, used 26522K [0x0000000081800000, 0x0000000087800000, 0x00000000d5d80000)
  object space 98304K, 26% used [0x0000000081800000,0x00000000831e69b8,0x0000000087800000)
 Metaspace       used 57201K, capacity 58828K, committed 59028K, reserved 1099776K
  class space    used 7609K, capacity 7910K, committed 7936K, reserved 1048576K
}
Event: 26.976 GC heap before
{Heap before GC invocations=14 (full 3):
 PSYoungGen      total 197120K, used 9066K [0x00000000d5d80000, 0x00000000e5e00000, 0x0000000100000000)
  eden space 180736K, 0% used [0x00000000d5d80000,0x00000000d5d80000,0x00000000e0e00000)
  from space 16384K, 55% used [0x00000000e0e00000,0x00000000e16da920,0x00000000e1e00000)
  to   space 15872K, 0% used [0x00000000e4e80000,0x00000000e4e80000,0x00000000e5e00000)
 ParOldGen       total 98304K, used 26522K [0x0000000081800000, 0x0000000087800000, 0x00000000d5d80000)
  object space 98304K, 26% used [0x0000000081800000,0x00000000831e69b8,0x0000000087800000)
 Metaspace       used 57201K, capacity 58828K, committed 59028K, reserved 1099776K
  class space    used 7609K, capacity 7910K, committed 7936K, reserved 1048576K
Event: 27.275 GC heap after
Heap after GC invocations=14 (full 3):
 PSYoungGen      total 197120K, used 0K [0x00000000d5d80000, 0x00000000e5e00000, 0x0000000100000000)
  eden space 180736K, 0% used [0x00000000d5d80000,0x00000000d5d80000,0x00000000e0e00000)
  from space 16384K, 0% used [0x00000000e0e00000,0x00000000e0e00000,0x00000000e1e00000)
  to   space 15872K, 0% used [0x00000000e4e80000,0x00000000e4e80000,0x00000000e5e00000)
 ParOldGen       total 137728K, used 28066K [0x0000000081800000, 0x0000000089e80000, 0x00000000d5d80000)
  object space 137728K, 20% used [0x0000000081800000,0x0000000083368bd0,0x0000000089e80000)
 Metaspace       used 57201K, capacity 58828K, committed 59028K, reserved 1099776K
  class space    used 7609K, capacity 7910K, committed 7936K, reserved 1048576K
}
Event: 31.924 GC heap before
{Heap before GC invocations=15 (full 3):
 PSYoungGen      total 197120K, used 180736K [0x00000000d5d80000, 0x00000000e5e00000, 0x0000000100000000)
  eden space 180736K, 100% used [0x00000000d5d80000,0x00000000e0e00000,0x00000000e0e00000)
  from space 16384K, 0% used [0x00000000e0e00000,0x00000000e0e00000,0x00000000e1e00000)
  to   space 15872K, 0% used [0x00000000e4e80000,0x00000000e4e80000,0x00000000e5e00000)
 ParOldGen       total 137728K, used 28066K [0x0000000081800000, 0x0000000089e80000, 0x00000000d5d80000)
  object space 137728K, 20% used [0x0000000081800000,0x0000000083368bd0,0x0000000089e80000)
 Metaspace       used 63576K, capacity 65756K, committed 65920K, reserved 1105920K
  class space    used 8613K, capacity 9022K, committed 9088K, reserved 1048576K
Event: 31.950 GC heap after
Heap after GC invocations=15 (full 3):
 PSYoungGen      total 234496K, used 9077K [0x00000000d5d80000, 0x00000000e5780000, 0x0000000100000000)
  eden space 225280K, 0% used [0x00000000d5d80000,0x00000000d5d80000,0x00000000e3980000)
  from space 9216K, 98% used [0x00000000e4e80000,0x00000000e575d510,0x00000000e5780000)
  to   space 14848K, 0% used [0x00000000e3a80000,0x00000000e3a80000,0x00000000e4900000)
 ParOldGen       total 137728K, used 28074K [0x0000000081800000, 0x0000000089e80000, 0x00000000d5d80000)
  object space 137728K, 20% used [0x0000000081800000,0x000000008336abd0,0x0000000089e80000)
 Metaspace       used 63576K, capacity 65756K, committed 65920K, reserved 1105920K
  class space    used 8613K, capacity 9022K, committed 9088K, reserved 1048576K
}
Event: 36.147 GC heap before
{Heap before GC invocations=16 (full 3):
 PSYoungGen      total 234496K, used 234357K [0x00000000d5d80000, 0x00000000e5780000, 0x0000000100000000)
  eden space 225280K, 100% used [0x00000000d5d80000,0x00000000e3980000,0x00000000e3980000)
  from space 9216K, 98% used [0x00000000e4e80000,0x00000000e575d510,0x00000000e5780000)
  to   space 14848K, 0% used [0x00000000e3a80000,0x00000000e3a80000,0x00000000e4900000)
 ParOldGen       total 137728K, used 28074K [0x0000000081800000, 0x0000000089e80000, 0x00000000d5d80000)
  object space 137728K, 20% used [0x0000000081800000,0x000000008336abd0,0x0000000089e80000)
 Metaspace       used 70422K, capacity 73176K, committed 73216K, reserved 1112064K
  class space    used 9496K, capacity 9978K, committed 9984K, reserved 1048576K
Event: 36.245 GC heap after
Heap after GC invocations=16 (full 3):
 PSYoungGen      total 240128K, used 14839K [0x00000000d5d80000, 0x00000000e5780000, 0x0000000100000000)
  eden space 225280K, 0% used [0x00000000d5d80000,0x00000000d5d80000,0x00000000e3980000)
  from space 14848K, 99% used [0x00000000e3a80000,0x00000000e48fdc88,0x00000000e4900000)
  to   space 9216K, 0% used [0x00000000e4e80000,0x00000000e4e80000,0x00000000e5780000)
 ParOldGen       total 137728K, used 28662K [0x0000000081800000, 0x0000000089e80000, 0x00000000d5d80000)
  object space 137728K, 20% used [0x0000000081800000,0x00000000833fd898,0x0000000089e80000)
 Metaspace       used 70422K, capacity 73176K, committed 73216K, reserved 1112064K
  class space    used 9496K, capacity 9978K, committed 9984K, reserved 1048576K
}

