# JRE version: Java(TM) SE Runtime Environment (8.0_121-b13) (build 1.8.0_121-b13)
# Java VM: Java HotSpot(TM) 64-Bit Server VM (25.121-b13 mixed mode windows-amd64 compressed oops)
Heap:
 PSYoungGen      total 103424K, used 72084K [0x00000000d5d80000, 0x00000000dcd00000, 0x0000000100000000)
  eden space 93696K, 76% used [0x00000000d5d80000,0x00000000da3e5178,0x00000000db900000)
  from space 9728K, 0% used [0x00000000dc380000,0x00000000dc380000,0x00000000dcd00000)
  to   space 10240K, 0% used [0x00000000db900000,0x00000000db900000,0x00000000dc300000)
 ParOldGen       total 56320K, used 14154K [0x0000000081800000, 0x0000000084f00000, 0x00000000d5d80000)
  object space 56320K, 25% used [0x0000000081800000,0x00000000825d2808,0x0000000084f00000)
 Metaspace       used 40439K, capacity 41756K, committed 42112K, reserved 1085440K
  class space    used 5363K, capacity 5646K, committed 5760K, reserved 1048576K
GC Heap History (10 events):
Event: 4.657 GC heap before
{Heap before GC invocations=6 (full 1):
 PSYoungGen      total 71680K, used 66554K [0x00000000d5d80000, 0x00000000da880000, 0x0000000100000000)
  eden space 66560K, 99% used [0x00000000d5d80000,0x00000000d9e7ea88,0x00000000d9e80000)
  from space 5120K, 0% used [0x00000000da380000,0x00000000da380000,0x00000000da880000)
  to   space 5120K, 0% used [0x00000000d9e80000,0x00000000d9e80000,0x00000000da380000)
 ParOldGen       total 56320K, used 7151K [0x0000000081800000, 0x0000000084f00000, 0x00000000d5d80000)
  object space 56320K, 12% used [0x0000000081800000,0x0000000081efbc58,0x0000000084f00000)
 Metaspace       used 25044K, capacity 25770K, committed 25984K, reserved 1071104K
  class space    used 3258K, capacity 3441K, committed 3456K, reserved 1048576K
Event: 4.674 GC heap after
Heap after GC invocations=6 (full 1):
 PSYoungGen      total 71680K, used 5092K [0x00000000d5d80000, 0x00000000da880000, 0x0000000100000000)
  eden space 66560K, 0% used [0x00000000d5d80000,0x00000000d5d80000,0x00000000d9e80000)
  from space 5120K, 99% used [0x00000000d9e80000,0x00000000da3791e8,0x00000000da380000)
  to   space 5120K, 0% used [0x00000000da380000,0x00000000da380000,0x00000000da880000)
 ParOldGen       total 56320K, used 7888K [0x0000000081800000, 0x0000000084f00000, 0x00000000d5d80000)
  object space 56320K, 14% used [0x0000000081800000,0x0000000081fb4110,0x0000000084f00000)
 Metaspace       used 25044K, capacity 25770K, committed 25984K, reserved 1071104K
  class space    used 3258K, capacity 3441K, committed 3456K, reserved 1048576K
}
Event: 6.124 GC heap before
{Heap before GC invocations=7 (full 1):
 PSYoungGen      total 71680K, used 71652K [0x00000000d5d80000, 0x00000000da880000, 0x0000000100000000)
  eden space 66560K, 100% used [0x00000000d5d80000,0x00000000d9e80000,0x00000000d9e80000)
  from space 5120K, 99% used [0x00000000d9e80000,0x00000000da3791e8,0x00000000da380000)
  to   space 5120K, 0% used [0x00000000da380000,0x00000000da380000,0x00000000da880000)
 ParOldGen       total 56320K, used 7888K [0x0000000081800000, 0x0000000084f00000, 0x00000000d5d80000)
  object space 56320K, 14% used [0x0000000081800000,0x0000000081fb4110,0x0000000084f00000)
 Metaspace       used 28336K, capacity 29252K, committed 29568K, reserved 1075200K
  class space    used 3646K, capacity 3870K, committed 3968K, reserved 1048576K
Event: 6.134 GC heap after
Heap after GC invocations=7 (full 1):
 PSYoungGen      total 68608K, used 5092K [0x00000000d5d80000, 0x00000000dd180000, 0x0000000100000000)
  eden space 63488K, 0% used [0x00000000d5d80000,0x00000000d5d80000,0x00000000d9b80000)
  from space 5120K, 99% used [0x00000000da380000,0x00000000da879170,0x00000000da880000)
  to   space 8192K, 0% used [0x00000000d9b80000,0x00000000d9b80000,0x00000000da380000)
 ParOldGen       total 56320K, used 9995K [0x0000000081800000, 0x0000000084f00000, 0x00000000d5d80000)
  object space 56320K, 17% used [0x0000000081800000,0x00000000821c2e60,0x0000000084f00000)
 Metaspace       used 28336K, capacity 29252K, committed 29568K, reserved 1075200K
  class space    used 3646K, capacity 3870K, committed 3968K, reserved 1048576K
}
Event: 7.734 GC heap before
{Heap before GC invocations=8 (full 1):
 PSYoungGen      total 68608K, used 68580K [0x00000000d5d80000, 0x00000000dd180000, 0x0000000100000000)
  eden space 63488K, 100% used [0x00000000d5d80000,0x00000000d9b80000,0x00000000d9b80000)
  from space 5120K, 99% used [0x00000000da380000,0x00000000da879170,0x00000000da880000)
  to   space 8192K, 0% used [0x00000000d9b80000,0x00000000d9b80000,0x00000000da380000)
 ParOldGen       total 56320K, used 9995K [0x0000000081800000, 0x0000000084f00000, 0x00000000d5d80000)
  object space 56320K, 17% used [0x0000000081800000,0x00000000821c2e60,0x0000000084f00000)
 Metaspace       used 31734K, capacity 32856K, committed 33024K, reserved 1077248K
  class space    used 4099K, capacity 4334K, committed 4352K, reserved 1048576K
Event: 7.749 GC heap after
Heap after GC invocations=8 (full 1):
 PSYoungGen      total 71680K, used 8178K [0x00000000d5d80000, 0x00000000dcd00000, 0x0000000100000000)
  eden space 63488K, 0% used [0x00000000d5d80000,0x00000000d5d80000,0x00000000d9b80000)
  from space 8192K, 99% used [0x00000000d9b80000,0x00000000da37c830,0x00000000da380000)
  to   space 9728K, 0% used [0x00000000dc380000,0x00000000dc380000,0x00000000dcd00000)
 ParOldGen       total 56320K, used 11044K [0x0000000081800000, 0x0000000084f00000, 0x00000000d5d80000)
  object space 56320K, 19% used [0x0000000081800000,0x00000000822c9350,0x0000000084f00000)
 Metaspace       used 31734K, capacity 32856K, committed 33024K, reserved 1077248K
  class space    used 4099K, capacity 4334K, committed 4352K, reserved 1048576K
}
Event: 8.688 GC heap before
{Heap before GC invocations=9 (full 1):
 PSYoungGen      total 71680K, used 39542K [0x00000000d5d80000, 0x00000000dcd00000, 0x0000000100000000)
  eden space 63488K, 49% used [0x00000000d5d80000,0x00000000d7c21128,0x00000000d9b80000)
  from space 8192K, 99% used [0x00000000d9b80000,0x00000000da37c830,0x00000000da380000)
  to   space 9728K, 0% used [0x00000000dc380000,0x00000000dc380000,0x00000000dcd00000)
 ParOldGen       total 56320K, used 11044K [0x0000000081800000, 0x0000000084f00000, 0x00000000d5d80000)
  object space 56320K, 19% used [0x0000000081800000,0x00000000822c9350,0x0000000084f00000)
 Metaspace       used 34162K, capacity 35330K, committed 35416K, reserved 1081344K
  class space    used 4330K, capacity 4589K, committed 4608K, reserved 1048576K
Event: 8.704 GC heap after
Heap after GC invocations=9 (full 1):
 PSYoungGen      total 103424K, used 9360K [0x00000000d5d80000, 0x00000000dcd00000, 0x0000000100000000)
  eden space 93696K, 0% used [0x00000000d5d80000,0x00000000d5d80000,0x00000000db900000)
  from space 9728K, 96% used [0x00000000dc380000,0x00000000dcca40f0,0x00000000dcd00000)
  to   space 10240K, 0% used [0x00000000db900000,0x00000000db900000,0x00000000dc300000)
 ParOldGen       total 56320K, used 11052K [0x0000000081800000, 0x0000000084f00000, 0x00000000d5d80000)
  object space 56320K, 19% used [0x0000000081800000,0x00000000822cb350,0x0000000084f00000)
 Metaspace       used 34162K, capacity 35330K, committed 35416K, reserved 1081344K
  class space    used 4330K, capacity 4589K, committed 4608K, reserved 1048576K
}
Event: 8.704 GC heap before
{Heap before GC invocations=10 (full 2):
 PSYoungGen      total 103424K, used 9360K [0x00000000d5d80000, 0x00000000dcd00000, 0x0000000100000000)
  eden space 93696K, 0% used [0x00000000d5d80000,0x00000000d5d80000,0x00000000db900000)
  from space 9728K, 96% used [0x00000000dc380000,0x00000000dcca40f0,0x00000000dcd00000)
  to   space 10240K, 0% used [0x00000000db900000,0x00000000db900000,0x00000000dc300000)
 ParOldGen       total 56320K, used 11052K [0x0000000081800000, 0x0000000084f00000, 0x00000000d5d80000)
  object space 56320K, 19% used [0x0000000081800000,0x00000000822cb350,0x0000000084f00000)
 Metaspace       used 34162K, capacity 35330K, committed 35416K, reserved 1081344K
  class space    used 4330K, capacity 4589K, committed 4608K, reserved 1048576K
Event: 8.809 GC heap after
Heap after GC invocations=10 (full 2):
 PSYoungGen      total 103424K, used 0K [0x00000000d5d80000, 0x00000000dcd00000, 0x0000000100000000)
  eden space 93696K, 0% used [0x00000000d5d80000,0x00000000d5d80000,0x00000000db900000)
  from space 9728K, 0% used [0x00000000dc380000,0x00000000dc380000,0x00000000dcd00000)
  to   space 10240K, 0% used [0x00000000db900000,0x00000000db900000,0x00000000dc300000)
 ParOldGen       total 56320K, used 14154K [0x0000000081800000, 0x0000000084f00000, 0x00000000d5d80000)
  object space 56320K, 25% used [0x0000000081800000,0x00000000825d2808,0x0000000084f00000)
 Metaspace       used 34162K, capacity 35330K, committed 35416K, reserved 1081344K
  class space    used 4330K, capacity 4589K, committed 4608K, reserved 1048576K
}

